0 info it worked if it ends with ok
1 verbose cli [ '/usr/local/bin/node', '/usr/local/bin/npm', 'start' ]
2 info using npm@3.3.12
3 info using node@v5.1.1
4 verbose run-script [ 'prestart', 'start', 'poststart' ]
5 info lifecycle att.webrtc.sample@2.0.0-beta~prestart: att.webrtc.sample@2.0.0-beta
6 silly lifecycle att.webrtc.sample@2.0.0-beta~prestart: no script for prestart, continuing
7 info lifecycle att.webrtc.sample@2.0.0-beta~start: att.webrtc.sample@2.0.0-beta
8 verbose lifecycle att.webrtc.sample@2.0.0-beta~start: unsafe-perm in lifecycle true
9 verbose lifecycle att.webrtc.sample@2.0.0-beta~start: PATH: /usr/local/lib/node_modules/npm/bin/node-gyp-bin:/home/kodiak/ewebrtc-sdk-master_v7/node-sample/node_modules/.bin:/usr/local/bin:/usr/bin:/usr/local/sbin:/usr/sbin:/home/kodiak/.local/bin:/home/kodiak/bin
10 verbose lifecycle att.webrtc.sample@2.0.0-beta~start: CWD: /home/kodiak/ewebrtc-sdk-master_v7/node-sample
11 silly lifecycle att.webrtc.sample@2.0.0-beta~start: Args: [ '-c', 'node app.js sandbox' ]
12 silly lifecycle att.webrtc.sample@2.0.0-beta~start: Returned: code: 1  signal: null
13 info lifecycle att.webrtc.sample@2.0.0-beta~start: Failed to exec start script
14 verbose stack Error: att.webrtc.sample@2.0.0-beta start: `node app.js sandbox`
14 verbose stack Exit status 1
14 verbose stack     at EventEmitter.<anonymous> (/usr/local/lib/node_modules/npm/lib/utils/lifecycle.js:232:16)
14 verbose stack     at emitTwo (events.js:87:13)
14 verbose stack     at EventEmitter.emit (events.js:172:7)
14 verbose stack     at ChildProcess.<anonymous> (/usr/local/lib/node_modules/npm/lib/utils/spawn.js:24:14)
14 verbose stack     at emitTwo (events.js:87:13)
14 verbose stack     at ChildProcess.emit (events.js:172:7)
14 verbose stack     at maybeClose (internal/child_process.js:818:16)
14 verbose stack     at Process.ChildProcess._handle.onexit (internal/child_process.js:211:5)
15 verbose pkgid att.webrtc.sample@2.0.0-beta
16 verbose cwd /home/kodiak/ewebrtc-sdk-master_v7/node-sample
17 error Linux 4.5.0-x86_64-linode65
18 error argv "/usr/local/bin/node" "/usr/local/bin/npm" "start"
19 error node v5.1.1
20 error npm  v3.3.12
21 error code ELIFECYCLE
22 error att.webrtc.sample@2.0.0-beta start: `node app.js sandbox`
22 error Exit status 1
23 error Failed at the att.webrtc.sample@2.0.0-beta start script 'node app.js sandbox'.
23 error Make sure you have the latest version of node.js and npm installed.
23 error If you do, this is most likely a problem with the att.webrtc.sample package,
23 error not with npm itself.
23 error Tell the author that this fails on your system:
23 error     node app.js sandbox
23 error You can get their info via:
23 error     npm owner ls att.webrtc.sample
23 error There is likely additional logging output above.
24 verbose exit [ 1, true ]
